Performing C SOURCE FILE Test CMAKE_HAVE_LIBC_PTHREAD failed with the following output:
Change Dir: /home/alg/fruit_counting/fruit_counting_ws/src/fruit_couting_base/cmake-build-default/CMakeFiles/CMakeTmp

Run Build Command(s):/usr/bin/make cmTC_5182d/fast && /usr/bin/make  -f CMakeFiles/cmTC_5182d.dir/build.make CMakeFiles/cmTC_5182d.dir/build
make[1]: Entering directory '/home/alg/fruit_counting/fruit_counting_ws/src/fruit_couting_base/cmake-build-default/CMakeFiles/CMakeTmp'
Building C object CMakeFiles/cmTC_5182d.dir/src.c.o
/usr/bin/cc -DCMAKE_HAVE_LIBC_PTHREAD   -o CMakeFiles/cmTC_5182d.dir/src.c.o -c /home/alg/fruit_counting/fruit_counting_ws/src/fruit_couting_base/cmake-build-default/CMakeFiles/CMakeTmp/src.c
Linking C executable cmTC_5182d
/snap/clion/158/bin/cmake/linux/bin/cmake -E cmake_link_script CMakeFiles/cmTC_5182d.dir/link.txt --verbose=1
/usr/bin/cc -rdynamic CMakeFiles/cmTC_5182d.dir/src.c.o -o cmTC_5182d 
/usr/bin/ld: CMakeFiles/cmTC_5182d.dir/src.c.o: in function `main':
src.c:(.text+0x3e): undefined reference to `pthread_create'
/usr/bin/ld: src.c:(.text+0x4a): undefined reference to `pthread_detach'
/usr/bin/ld: src.c:(.text+0x56): undefined reference to `pthread_cancel'
/usr/bin/ld: src.c:(.text+0x67): undefined reference to `pthread_join'
collect2: error: ld returned 1 exit status
make[1]: *** [CMakeFiles/cmTC_5182d.dir/build.make:106: cmTC_5182d] Error 1
make[1]: Leaving directory '/home/alg/fruit_counting/fruit_counting_ws/src/fruit_couting_base/cmake-build-default/CMakeFiles/CMakeTmp'
make: *** [Makefile:140: cmTC_5182d/fast] Error 2


Source file was:
#include <pthread.h>

static void* test_func(void* data)
{
  return data;
}

int main(void)
{
  pthread_t thread;
  pthread_create(&thread, NULL, test_func, NULL);
  pthread_detach(thread);
  pthread_cancel(thread);
  pthread_join(thread, NULL);
  pthread_atfork(NULL, NULL, NULL);
  pthread_exit(NULL);

  return 0;
}

Determining if the function pthread_create exists in the pthreads failed with the following output:
Change Dir: /home/alg/fruit_counting/fruit_counting_ws/src/fruit_couting_base/cmake-build-default/CMakeFiles/CMakeTmp

Run Build Command(s):/usr/bin/make cmTC_38d8c/fast && /usr/bin/make  -f CMakeFiles/cmTC_38d8c.dir/build.make CMakeFiles/cmTC_38d8c.dir/build
make[1]: Entering directory '/home/alg/fruit_counting/fruit_counting_ws/src/fruit_couting_base/cmake-build-default/CMakeFiles/CMakeTmp'
Building C object CMakeFiles/cmTC_38d8c.dir/CheckFunctionExists.c.o
/usr/bin/cc   -DCHECK_FUNCTION_EXISTS=pthread_create -o CMakeFiles/cmTC_38d8c.dir/CheckFunctionExists.c.o -c /snap/clion/158/bin/cmake/linux/share/cmake-3.19/Modules/CheckFunctionExists.c
Linking C executable cmTC_38d8c
/snap/clion/158/bin/cmake/linux/bin/cmake -E cmake_link_script CMakeFiles/cmTC_38d8c.dir/link.txt --verbose=1
/usr/bin/cc  -DCHECK_FUNCTION_EXISTS=pthread_create -rdynamic CMakeFiles/cmTC_38d8c.dir/CheckFunctionExists.c.o -o cmTC_38d8c  -lpthreads 
/usr/bin/ld: cannot find -lpthreads
collect2: error: ld returned 1 exit status
make[1]: *** [CMakeFiles/cmTC_38d8c.dir/build.make:106: cmTC_38d8c] Error 1
make[1]: Leaving directory '/home/alg/fruit_counting/fruit_counting_ws/src/fruit_couting_base/cmake-build-default/CMakeFiles/CMakeTmp'
make: *** [Makefile:140: cmTC_38d8c/fast] Error 2



